[2017-11-27 02:31:11,779: ERROR/MainProcess] Received unregistered task of type 'app.link_guard.tasks.task'.
The message has been ignored and discarded.

Did you remember to import the module containing this task?
Or maybe you're using relative imports?

Please see
http://docs.celeryq.org/en/latest/internals/protocol.html
for more information.

The full contents of the message body was:
b'[[], {}, {"errbacks": null, "callbacks": null, "chord": null, "chain": null}]' (77b)
Traceback (most recent call last):
  File "/usr/local/lib/python3.4/dist-packages/celery/worker/consumer/consumer.py", line 559, in on_task_received
    strategy = strategies[type_]
KeyError: 'app.link_guard.tasks.task'
[2017-11-27 02:34:36,862: ERROR/MainProcess] Received unregistered task of type 'app.link_guard.tasks.task'.
The message has been ignored and discarded.

Did you remember to import the module containing this task?
Or maybe you're using relative imports?

Please see
http://docs.celeryq.org/en/latest/internals/protocol.html
for more information.

The full contents of the message body was:
b'[[], {}, {"errbacks": null, "callbacks": null, "chord": null, "chain": null}]' (77b)
Traceback (most recent call last):
  File "/usr/local/lib/python3.4/dist-packages/celery/worker/consumer/consumer.py", line 559, in on_task_received
    strategy = strategies[type_]
KeyError: 'app.link_guard.tasks.task'
[2017-11-27 02:39:12,582: ERROR/MainProcess] Received unregistered task of type 'app.link_guard.tasks.task'.
The message has been ignored and discarded.

Did you remember to import the module containing this task?
Or maybe you're using relative imports?

Please see
http://docs.celeryq.org/en/latest/internals/protocol.html
for more information.

The full contents of the message body was:
b'[[], {}, {"errbacks": null, "callbacks": null, "chord": null, "chain": null}]' (77b)
Traceback (most recent call last):
  File "/usr/local/lib/python3.4/dist-packages/celery/worker/consumer/consumer.py", line 559, in on_task_received
    strategy = strategies[type_]
KeyError: 'app.link_guard.tasks.task'
[2017-11-28 03:30:24,223: DEBUG/MainProcess] | Worker: Preparing bootsteps.
[2017-11-28 03:30:24,224: DEBUG/MainProcess] | Worker: Building graph...
[2017-11-28 03:30:24,224: DEBUG/MainProcess] | Worker: New boot order: {Beat, StateDB, Timer, Hub, Pool, Autoscaler, Consumer}
[2017-11-28 03:30:24,236: DEBUG/MainProcess] | Consumer: Preparing bootsteps.
[2017-11-28 03:30:24,236: DEBUG/MainProcess] | Consumer: Building graph...
[2017-11-28 03:30:24,251: DEBUG/MainProcess] | Consumer: New boot order: {Connection, Events, Heart, Agent, Mingle, Tasks, Control, Gossip, event loop}
[2017-11-28 03:30:24,266: DEBUG/MainProcess] | Worker: Starting Hub
[2017-11-28 03:30:24,266: DEBUG/MainProcess] ^-- substep ok
[2017-11-28 03:30:24,266: DEBUG/MainProcess] | Worker: Starting Pool
[2017-11-28 03:30:24,307: DEBUG/MainProcess] ^-- substep ok
[2017-11-28 03:30:24,307: DEBUG/MainProcess] | Worker: Starting Consumer
[2017-11-28 03:30:24,308: DEBUG/MainProcess] | Consumer: Starting Connection
[2017-11-28 03:30:24,322: INFO/MainProcess] Connected to redis://localhost:6379/0
[2017-11-28 03:30:24,322: DEBUG/MainProcess] ^-- substep ok
[2017-11-28 03:30:24,322: DEBUG/MainProcess] | Consumer: Starting Events
[2017-11-28 03:30:24,330: DEBUG/MainProcess] ^-- substep ok
[2017-11-28 03:30:24,330: DEBUG/MainProcess] | Consumer: Starting Heart
[2017-11-28 03:30:24,332: DEBUG/MainProcess] ^-- substep ok
[2017-11-28 03:30:24,332: DEBUG/MainProcess] | Consumer: Starting Mingle
[2017-11-28 03:30:24,332: INFO/MainProcess] mingle: searching for neighbors
[2017-11-28 03:30:25,352: INFO/MainProcess] mingle: all alone
[2017-11-28 03:30:25,352: DEBUG/MainProcess] ^-- substep ok
[2017-11-28 03:30:25,353: DEBUG/MainProcess] | Consumer: Starting Tasks
[2017-11-28 03:30:25,355: DEBUG/MainProcess] ^-- substep ok
[2017-11-28 03:30:25,355: DEBUG/MainProcess] | Consumer: Starting Control
[2017-11-28 03:30:25,357: DEBUG/MainProcess] ^-- substep ok
[2017-11-28 03:30:25,357: DEBUG/MainProcess] | Consumer: Starting Gossip
[2017-11-28 03:30:25,359: DEBUG/MainProcess] ^-- substep ok
[2017-11-28 03:30:25,359: DEBUG/MainProcess] | Consumer: Starting event loop
[2017-11-28 03:30:25,359: INFO/MainProcess] celery@qrpay-1 ready.
[2017-11-28 03:30:25,360: DEBUG/MainProcess] | Worker: Hub.register Pool...
[2017-11-28 03:30:25,360: DEBUG/MainProcess] basic.qos: prefetch_count->4
[2017-11-28 03:30:31,683: DEBUG/MainProcess] | Worker: Closing Hub...
[2017-11-28 03:30:31,684: DEBUG/MainProcess] | Worker: Closing Pool...
[2017-11-28 03:30:31,684: DEBUG/MainProcess] | Worker: Closing Consumer...
[2017-11-28 03:30:31,684: DEBUG/MainProcess] | Worker: Stopping Consumer...
[2017-11-28 03:30:31,684: DEBUG/MainProcess] | Consumer: Closing Connection...
[2017-11-28 03:30:31,684: DEBUG/MainProcess] | Consumer: Closing Events...
[2017-11-28 03:30:31,684: DEBUG/MainProcess] | Consumer: Closing Heart...
[2017-11-28 03:30:31,684: DEBUG/MainProcess] | Consumer: Closing Mingle...
[2017-11-28 03:30:31,684: DEBUG/MainProcess] | Consumer: Closing Tasks...
[2017-11-28 03:30:31,684: DEBUG/MainProcess] | Consumer: Closing Control...
[2017-11-28 03:30:31,684: DEBUG/MainProcess] | Consumer: Closing Gossip...
[2017-11-28 03:30:31,684: DEBUG/MainProcess] | Consumer: Closing event loop...
[2017-11-28 03:30:31,685: DEBUG/MainProcess] | Consumer: Stopping event loop...
[2017-11-28 03:30:31,685: DEBUG/MainProcess] | Consumer: Stopping Gossip...
[2017-11-28 03:30:31,686: DEBUG/MainProcess] | Consumer: Stopping Control...
[2017-11-28 03:30:31,687: DEBUG/MainProcess] | Consumer: Stopping Tasks...
[2017-11-28 03:30:31,687: DEBUG/MainProcess] Canceling task consumer...
[2017-11-28 03:30:31,687: DEBUG/MainProcess] | Consumer: Stopping Mingle...
[2017-11-28 03:30:31,687: DEBUG/MainProcess] | Consumer: Stopping Heart...
[2017-11-28 03:30:31,688: DEBUG/MainProcess] | Consumer: Stopping Events...
[2017-11-28 03:30:31,688: DEBUG/MainProcess] | Consumer: Stopping Connection...
[2017-11-28 03:30:31,688: DEBUG/MainProcess] | Worker: Stopping Pool...
[2017-11-28 03:30:32,692: DEBUG/MainProcess] | Worker: Stopping Hub...
[2017-11-28 03:30:32,692: DEBUG/MainProcess] | Consumer: Shutdown Gossip...
[2017-11-28 03:30:32,692: DEBUG/MainProcess] | Consumer: Shutdown Control...
[2017-11-28 03:30:32,692: DEBUG/MainProcess] | Consumer: Shutdown Tasks...
[2017-11-28 03:30:32,692: DEBUG/MainProcess] Canceling task consumer...
[2017-11-28 03:30:32,692: DEBUG/MainProcess] Closing consumer channel...
[2017-11-28 03:30:32,693: DEBUG/MainProcess] | Consumer: Shutdown Heart...
[2017-11-28 03:30:32,693: DEBUG/MainProcess] | Consumer: Shutdown Events...
[2017-11-28 03:30:32,693: DEBUG/MainProcess] | Consumer: Shutdown Connection...
[2017-11-28 03:30:32,694: DEBUG/MainProcess] removing tasks from inqueue until task handler finished
